12/16/2022 04:35:29 PM: INFO: **************Test_001_Login****************
12/16/2022 04:35:29 PM: INFO: **************Homepage Verify title****************
12/16/2022 04:35:46 PM: INFO: **************HomePage_Title_Is_Passed****************
12/16/2022 04:35:47 PM: INFO: **************Verifying_the_login_test**************
12/16/2022 04:35:57 PM: INFO: **************login_test_is_passed**************
12/16/2022 05:39:47 PM: INFO: **************Test_001_Login****************
12/16/2022 05:39:47 PM: INFO: **************Homepage Verify title****************
12/16/2022 05:39:48 PM: INFO: **************HomePage_Title_Is_Passed****************
12/16/2022 05:39:49 PM: INFO: **************Verifying_the_login_test**************
12/16/2022 05:40:00 PM: INFO: **************login_test_is_passed**************
12/19/2022 05:12:37 PM: INFO: *************Test_002_DDT_Login***************
12/19/2022 05:12:37 PM: INFO: **************Verifying_the_login_test**************
12/19/2022 05:24:55 PM: INFO: *************Test_002_DDT_Login***************
12/19/2022 05:24:55 PM: INFO: **************Verifying_the_login_test**************
12/19/2022 05:51:25 PM: INFO: **************************Test_002_login_ddt test**********************
12/19/2022 05:54:46 PM: INFO: **************Test_001_Login****************
12/19/2022 05:54:46 PM: INFO: **************Homepage Verify title****************
12/19/2022 05:54:47 PM: INFO: **************HomePage_Title_Is_Passed****************
12/19/2022 05:54:49 PM: INFO: **************Verifying_the_login_test**************
12/19/2022 05:55:00 PM: INFO: **************login_test_is_passed**************
12/20/2022 10:56:41 AM: INFO: **************************Test_002_login_ddt test**********************
12/20/2022 10:56:41 AM: INFO: ************************** Verifying Login DDT test**********************
12/20/2022 11:19:20 AM: INFO: **************************Test_002_login_ddt test**********************
12/20/2022 11:19:20 AM: INFO: ************************** Verifying Login DDT test**********************
12/20/2022 11:27:31 AM: INFO: **************************Test_002_login_ddt test**********************
12/20/2022 11:27:31 AM: INFO: ************************** Verifying Login DDT test**********************
12/20/2022 11:32:58 AM: INFO: **************************Test_002_login_ddt test**********************
12/20/2022 11:32:58 AM: INFO: ************************** Verifying Login DDT test**********************
12/20/2022 11:34:58 AM: INFO: **************************Test_002_login_ddt test**********************
12/20/2022 11:34:58 AM: INFO: ************************** Verifying Login DDT test**********************
12/20/2022 11:36:20 AM: INFO: **************************Test_002_login_ddt test**********************
12/20/2022 11:36:20 AM: INFO: ************************** Verifying Login DDT test**********************
12/20/2022 11:42:04 AM: INFO: **************************Test_002_login_ddt test**********************
12/20/2022 11:42:04 AM: INFO: ************************** Verifying Login DDT test**********************
12/20/2022 11:43:28 AM: INFO: **************************Test_002_login_ddt test**********************
12/20/2022 11:43:28 AM: INFO: ************************** Verifying Login DDT test**********************
12/20/2022 11:47:02 AM: INFO: **************************Test_002_login_ddt test**********************
12/20/2022 11:47:02 AM: INFO: ************************** Verifying Login DDT test**********************
12/20/2022 11:48:43 AM: INFO: **************Test_001_Login****************
12/20/2022 11:48:43 AM: INFO: **************Homepage Verify title****************
12/20/2022 11:49:01 AM: INFO: **************HomePage_Title_Is_Passed****************
12/20/2022 11:49:02 AM: INFO: **************Verifying_the_login_test**************
12/20/2022 11:49:18 AM: INFO: **************login_test_is_passed**************
12/20/2022 11:50:43 AM: INFO: **************************Test_002_login_ddt test**********************
12/20/2022 11:50:43 AM: INFO: ************************** Verifying Login DDT test**********************
12/20/2022 11:54:33 AM: INFO: **************************Test_002_login_ddt test**********************
12/20/2022 11:54:33 AM: INFO: ************************** Verifying Login DDT test**********************
12/20/2022 11:56:22 AM: INFO: **************************Test_002_login_ddt test**********************
12/20/2022 11:56:22 AM: INFO: ************************** Verifying Login DDT test**********************
12/20/2022 12:07:07 PM: INFO: **************************Test_002_login_ddt test**********************
12/20/2022 12:07:07 PM: INFO: ************************** Verifying Login DDT test**********************
12/20/2022 12:11:03 PM: INFO: **************************Test_002_login_ddt test**********************
12/20/2022 12:11:03 PM: INFO: ************************** Verifying Login DDT test**********************
12/20/2022 12:23:59 PM: INFO: **************************Test_002_login_ddt test**********************
12/20/2022 12:23:59 PM: INFO: ************************** Verifying Login DDT test**********************
12/20/2022 12:25:52 PM: INFO: **************************Test_002_login_ddt test**********************
12/20/2022 12:25:52 PM: INFO: ************************** Verifying Login DDT test**********************
12/20/2022 12:35:23 PM: INFO: **************************Test_002_login_ddt test**********************
12/20/2022 12:35:23 PM: INFO: ************************** Verifying Login DDT test**********************
12/20/2022 12:36:30 PM: INFO: **************************Test_002_login_ddt test**********************
12/20/2022 12:36:30 PM: INFO: ************************** Verifying Login DDT test**********************
12/20/2022 12:38:07 PM: INFO: **************************Test_002_login_ddt test**********************
12/20/2022 12:38:07 PM: INFO: ************************** Verifying Login DDT test**********************
12/20/2022 12:56:34 PM: INFO: **************************Test_002_login_ddt test**********************
12/20/2022 12:56:34 PM: INFO: ************************** Verifying Login DDT test**********************
12/20/2022 02:03:09 PM: INFO: **************************Test_002_login_ddt test**********************
12/20/2022 02:03:09 PM: INFO: ************************** Verifying Login DDT test**********************
12/20/2022 02:08:53 PM: INFO: **************************Test_002_login_ddt test**********************
12/20/2022 02:08:53 PM: INFO: ************************** Verifying Login DDT test**********************
12/20/2022 02:22:41 PM: INFO: **************************Test_002_login_ddt test**********************
12/20/2022 02:22:41 PM: INFO: ************************** Verifying Login DDT test**********************
12/20/2022 02:24:02 PM: INFO: **************************Test_002_login_ddt test**********************
12/20/2022 02:24:02 PM: INFO: ************************** Verifying Login DDT test**********************
12/20/2022 02:26:00 PM: INFO: **************************Test_002_login_ddt test**********************
12/20/2022 02:26:00 PM: INFO: ************************** Verifying Login DDT test**********************
12/20/2022 04:46:13 PM: INFO: ************* Test_003_AddCustomer **********
12/20/2022 05:21:26 PM: INFO: ************* Test_003_AddCustomer **********
12/20/2022 05:23:08 PM: INFO: ************* Test_003_AddCustomer **********
12/20/2022 05:30:30 PM: INFO: ************* Test_003_AddCustomer **********
12/21/2022 10:05:45 AM: INFO: **************Test_001_Login****************
12/21/2022 10:05:45 AM: INFO: **************Homepage Verify title****************
12/21/2022 10:05:47 AM: INFO: **************HomePage_Title_Is_Passed****************
12/21/2022 10:05:48 AM: INFO: **************Verifying_the_login_test**************
12/21/2022 10:06:04 AM: INFO: **************login_test_is_passed**************
12/21/2022 10:14:26 AM: INFO: ************* Test_003_AddCustomer **********
12/21/2022 11:26:03 AM: INFO: ************* Test_003_AddCustomer **********
12/21/2022 11:31:14 AM: INFO: **************Test_001_Login****************
12/21/2022 11:31:14 AM: INFO: **************Homepage Verify title****************
12/21/2022 11:31:31 AM: INFO: **************HomePage_Title_Is_Passed****************
12/21/2022 11:31:33 AM: INFO: **************Verifying_the_login_test**************
12/21/2022 11:31:48 AM: INFO: **************login_test_is_passed**************
12/21/2022 12:15:45 PM: INFO: ************* Test_003_AddCustomer **********
12/21/2022 12:15:56 PM: INFO: ************* Login succesful **********
12/21/2022 12:15:56 PM: INFO: ******* Starting Add Customer Test **********
12/21/2022 12:22:52 PM: INFO: ************* Test_003_AddCustomer **********
12/21/2022 12:23:04 PM: INFO: ************* Login succesful **********
12/21/2022 12:23:04 PM: INFO: ******* Starting Add Customer Test **********
12/21/2022 12:29:44 PM: INFO: ************* Test_003_AddCustomer **********
12/21/2022 12:29:55 PM: INFO: ************* Login succesful **********
12/21/2022 12:29:55 PM: INFO: ******* Starting Add Customer Test **********
12/21/2022 12:30:34 PM: INFO: ************* Test_003_AddCustomer **********
12/21/2022 12:30:44 PM: INFO: ************* Login succesful **********
12/21/2022 12:30:44 PM: INFO: ******* Starting Add Customer Test **********
12/21/2022 12:39:20 PM: INFO: ************* Test_003_AddCustomer **********
12/21/2022 12:39:29 PM: INFO: ************* Login succesful **********
12/21/2022 12:39:29 PM: INFO: ******* Starting Add Customer Test **********
12/21/2022 12:42:23 PM: INFO: ************* Test_003_AddCustomer **********
12/21/2022 12:42:34 PM: INFO: ************* Login succesful **********
12/21/2022 12:42:34 PM: INFO: ******* Starting Add Customer Test **********
12/21/2022 12:42:37 PM: INFO: ************* Providing customer info **********
12/21/2022 12:42:49 PM: INFO: ************* Saving customer info **********
12/21/2022 12:42:49 PM: INFO: ********* Add customer validation started *****************
12/21/2022 12:42:49 PM: INFO: ********* Add customer Test Passed *********
12/21/2022 12:42:49 PM: INFO: ******* Ending Add customer test **********
12/21/2022 12:45:06 PM: INFO: ************* Test_003_AddCustomer **********
12/21/2022 12:45:16 PM: INFO: ************* Login succesful **********
12/21/2022 12:45:16 PM: INFO: ******* Starting Add Customer Test **********
12/21/2022 12:46:28 PM: INFO: ************* Test_003_AddCustomer **********
12/21/2022 12:46:39 PM: INFO: ************* Login succesful **********
12/21/2022 12:46:39 PM: INFO: ******* Starting Add Customer Test **********
12/21/2022 12:46:41 PM: INFO: ************* Providing customer info **********
12/21/2022 12:48:06 PM: INFO: ************* Test_003_AddCustomer **********
12/21/2022 12:48:19 PM: INFO: ************* Login succesful **********
12/21/2022 12:48:19 PM: INFO: ******* Starting Add Customer Test **********
12/21/2022 12:48:22 PM: INFO: ************* Providing customer info **********
12/21/2022 12:48:34 PM: INFO: ************* Saving customer info **********
12/21/2022 12:48:34 PM: INFO: ********* Add customer validation started *****************
12/21/2022 12:48:34 PM: INFO: ********* Add customer Test Passed *********
12/21/2022 12:48:34 PM: INFO: ******* Ending Add customer test **********
12/21/2022 02:45:04 PM: INFO: ************* SearchCustomerByEmail_004 **********
12/21/2022 02:45:15 PM: INFO: ************* Login succesful **********
12/21/2022 02:45:15 PM: INFO: ******* Starting Search Customer By Email **********
12/21/2022 02:45:16 PM: INFO: ************* searching customer by emailID **********
12/21/2022 02:46:34 PM: INFO: ************* SearchCustomerByEmail_004 **********
12/21/2022 02:46:44 PM: INFO: ************* Login succesful **********
12/21/2022 02:46:44 PM: INFO: ******* Starting Search Customer By Email **********
12/21/2022 02:46:45 PM: INFO: ************* searching customer by emailID **********
12/21/2022 02:51:02 PM: INFO: ************* SearchCustomerByEmail_004 **********
12/21/2022 02:51:14 PM: INFO: ************* Login succesful **********
12/21/2022 02:51:14 PM: INFO: ******* Starting Search Customer By Email **********
12/21/2022 02:51:15 PM: INFO: ************* searching customer by emailID **********
12/21/2022 02:51:21 PM: INFO: ***************  TC_SearchCustomerByEmail_004 Finished  *********** 
12/21/2022 02:53:32 PM: INFO: ************* SearchCustomerByEmail_004 **********
12/21/2022 02:53:44 PM: INFO: ************* Login succesful **********
12/21/2022 02:53:44 PM: INFO: ******* Starting Search Customer By Email **********
12/21/2022 02:53:45 PM: INFO: ************* searching customer by emailID **********
12/21/2022 02:53:51 PM: INFO: ***************  TC_SearchCustomerByEmail_004 Finished  *********** 
12/21/2022 02:57:21 PM: INFO: ************* SearchCustomerByEmail_004 **********
12/21/2022 02:57:32 PM: INFO: ************* Login succesful **********
12/21/2022 02:57:32 PM: INFO: ******* Starting Search Customer By Email **********
12/21/2022 02:57:34 PM: INFO: ************* searching customer by emailID **********
12/21/2022 02:57:40 PM: INFO: ***************  TC_SearchCustomerByEmail_004 Finished  *********** 
12/21/2022 02:59:16 PM: INFO: ************* SearchCustomerByEmail_004 **********
12/21/2022 02:59:25 PM: INFO: ************* Login succesful **********
12/21/2022 02:59:25 PM: INFO: ******* Starting Search Customer By Email **********
12/21/2022 02:59:26 PM: INFO: ************* searching customer by emailID **********
12/21/2022 02:59:48 PM: INFO: ***************  TC_SearchCustomerByEmail_004 Finished  *********** 
12/21/2022 03:08:14 PM: INFO: ************* SearchCustomerByName_005 **********
12/21/2022 03:08:26 PM: INFO: ************* Login succesful **********
12/21/2022 03:08:26 PM: INFO: ******* Starting Search Customer By Name **********
12/21/2022 03:08:29 PM: INFO: ************* searching customer by Name **********
12/21/2022 03:08:35 PM: INFO: ***************  TC_SearchCustomerByName_005 Finished  *********** 
12/21/2022 04:47:25 PM: INFO: **************Verifying_the_login_test**************
12/21/2022 04:47:44 PM: INFO: **************login_test_is_passed**************
12/21/2022 04:47:46 PM: INFO: ************* SearchCustomerByEmail_004 **********
12/21/2022 04:47:56 PM: INFO: ************* Login succesful **********
12/21/2022 04:47:56 PM: INFO: ******* Starting Search Customer By Email **********
12/21/2022 04:47:57 PM: INFO: ************* searching customer by emailID **********
12/21/2022 04:48:03 PM: INFO: ***************  TC_SearchCustomerByEmail_004 Finished  *********** 
12/22/2022 03:49:17 PM: INFO: ************* Test_003_AddCustomer **********
12/22/2022 03:49:26 PM: INFO: ************* Login succesful **********
12/22/2022 03:49:26 PM: INFO: ******* Starting Add Customer Test **********
12/22/2022 03:51:06 PM: INFO: ************* SearchCustomerByEmail_004 **********
12/22/2022 03:51:15 PM: INFO: ************* Login succesful **********
12/22/2022 03:51:15 PM: INFO: ******* Starting Search Customer By Email **********
12/22/2022 03:54:57 PM: INFO: ************* SearchCustomerByName_005 **********
12/22/2022 03:55:07 PM: INFO: ************* Login succesful **********
12/22/2022 03:55:07 PM: INFO: ******* Starting Search Customer By Name **********
